<?xml version="1.0" encoding="UTF-8"?>
<!-- Generated by org.testng.reporters.JUnitReportReporter -->
<testsuite hostname="DESKTOP-ERHVJHE" failures="0" tests="1" name="smokeTest.filterFunctionality" time="5.734" errors="0" timestamp="2024-02-05T20:14:39 IST" skipped="0">
  <testcase classname="smokeTest.filterFunctionality" name="filterFunctionality" time="5.734"/>
</testsuite> <!-- smokeTest.filterFunctionality -->
