<?xml version="1.0" encoding="UTF-8"?>
<!-- Generated by org.testng.reporters.JUnitReportReporter -->
<testsuite hostname="DESKTOP-ERHVJHE" failures="0" tests="1" name="smokeTest.loginPage" time="5.831" errors="0" timestamp="2024-02-18T21:22:29 IST" skipped="0">
  <testcase classname="smokeTest.loginPage" name="loginFunctionality" time="5.831"/>
  <system-out/>
</testsuite> <!-- smokeTest.loginPage -->
