<?xml version="1.0" encoding="UTF-8"?>
<!-- Generated by org.testng.reporters.JUnitReportReporter -->
<testsuite hostname="DESKTOP-ERHVJHE" failures="0" tests="3" name="smokeTest.testCases" time="14.016" errors="0" timestamp="2024-02-10T21:53:33 IST" skipped="2">
  <testcase classname="smokeTest.testCases" name="addProductToCompare" time="14.016"/>
  <testcase classname="smokeTest.testCases" name="printNameOfEvenProducts">
    <skipped/>
  </testcase> <!-- printNameOfEvenProducts -->
  <testcase classname="smokeTest.testCases" name="addUnavailableProducttoCart">
    <skipped/>
  </testcase> <!-- addUnavailableProducttoCart -->
</testsuite> <!-- smokeTest.testCases -->
