<?xml version="1.0" encoding="UTF-8"?>
<!-- Generated by org.testng.reporters.JUnitReportReporter -->
<testsuite hostname="DESKTOP-ERHVJHE" failures="0" tests="5" name="smokeTest.homePage" time="0.214" errors="0" timestamp="2024-02-10T18:54:54 IST" skipped="4">
  <testcase classname="smokeTest.homePage" name="printNameOfEvenProducts" time="0.214"/>
  <testcase classname="smokeTest.homePage" name="loginFunctionality">
    <skipped/>
  </testcase> <!-- loginFunctionality -->
  <testcase classname="smokeTest.homePage" name="filterFunctionality">
    <skipped/>
  </testcase> <!-- filterFunctionality -->
  <testcase classname="smokeTest.homePage" name="search">
    <skipped/>
  </testcase> <!-- search -->
  <testcase classname="smokeTest.homePage" name="printCategoriesName">
    <skipped/>
  </testcase> <!-- printCategoriesName -->
</testsuite> <!-- smokeTest.homePage -->
